<?xml version="1.0" encoding="UTF-8" standalone="no"?>
<testsuite failures="0" name="cucumber.runtime.formatter.JUnitFormatter" skipped="0" tests="1" time="21.717001">
<testcase classname="To signup for elearning" name="Signup to elearning" time="21.717001">
<system-out><![CDATA[Given I am able to navigate to the homepage.................................passed
When I click on Sign up button..............................................passed
And I enter the First name as "alisha3".....................................passed
And I enter the Last name as "alisha3"......................................passed
And I enter the email as "alisha3.med@gmail.com"............................passed
And I enter the username as "alisha3".......................................passed
And I enter the password as "password"......................................passed
And I enter the confirm password as "password"..............................passed
Then I should see the message as "An e-mail has been sent to remind you of your login and password.".passed
]]></system-out>
</testcase>
</testsuite>
